<?xml version="1.0" encoding="UTF-8"?>
<!-- Generated by org.testng.reporters.JUnitReportReporter -->
<testsuite skipped="0" hostname="DESKTOP-IJLUITG" name="vijay.testcase.TC_001_HomePage" tests="1" failures="0" timestamp="2022-03-16T16:16:18 IST" time="6.882" errors="0">
  <testcase name="HomePageTest" time="6.882" classname="vijay.testcase.TC_001_HomePage"/>
  <system-out/>
</testsuite> <!-- vijay.testcase.TC_001_HomePage -->
