<?xml version="1.0" encoding="UTF-8"?>
<!-- Generated by org.testng.reporters.JUnitReportReporter -->
<testsuite skipped="0" hostname="DESKTOP-IJLUITG" name="vijay.testcase.HomePageTest" tests="2" failures="0" timestamp="2022-03-23T14:23:28 IST" time="1.209" errors="0">
  <testcase name="contactTest" time="1.130" classname="vijay.testcase.HomePageTest"/>
  <system-out/>
  <testcase name="headerTest" time="0.079" classname="vijay.testcase.HomePageTest"/>
  <system-out/>
</testsuite> <!-- vijay.testcase.HomePageTest -->
